AndroidStudio/P2-assignment1/app/build/outputs/logs/manifest-merger-debug-report.txt
-- Merging decision tree log ---
manifest
ADDED from AndroidManifest.xml:2:1
	package
		ADDED from AndroidManifest.xml:3:11
		INJECTED from AndroidManifest.xml:0:0
		INJECTED from AndroidManifest.xml:0:0
	android:versionName
		ADDED from AndroidManifest.xml:5:11
	android:versionCode
		ADDED from AndroidManifest.xml:4:11
		INJECTED from AndroidManifest.xml:0:0
		INJECTED from AndroidManifest.xml:0:0
	xmlns:android
		ADDED from AndroidManifest.xml:2:11
uses-sdk
ADDED from AndroidManifest.xml:7:3
	android:targetSdkVersion
		ADDED from AndroidManifest.xml:8:6
		INJECTED from AndroidManifest.xml:0:0
		INJECTED from AndroidManifest.xml:0:0
	android:minSdkVersion
		ADDED from AndroidManifest.xml:7:17
		INJECTED from AndroidManifest.xml:0:0
		INJECTED from AndroidManifest.xml:0:0
uses-permission#android.permission.INTERNET
ADDED from AndroidManifest.xml:10:3
	android:name
		ADDED from AndroidManifest.xml:11:6
uses-permission#android.permission.WRITE_EXTERNAL_STORAGE
ADDED from AndroidManifest.xml:12:3
	android:name
		ADDED from AndroidManifest.xml:13:6
uses-permission#android.permission.READ_EXTERNAL_STORAGE
ADDED from AndroidManifest.xml:14:3
	android:name
		ADDED from AndroidManifest.xml:15:6
application
ADDED from AndroidManifest.xml:17:3
activity#vandy.mooc.activities.MainActivity
ADDED from AndroidManifest.xml:19:5
	android:label
		ADDED from AndroidManifest.xml:20:15
	android:name
		ADDED from AndroidManifest.xml:19:15
intent-filter#android.intent.action.MAIN+android.intent.category.LAUNCHER
ADDED from AndroidManifest.xml:21:7
action#android.intent.action.MAIN
ADDED from AndroidManifest.xml:22:9
	android:name
		ADDED from AndroidManifest.xml:22:17
category#android.intent.category.LAUNCHER
ADDED from AndroidManifest.xml:23:9
	android:name
		ADDED from AndroidManifest.xml:23:19
activity#vandy.mooc.activities.DisplayImagesActivity
ADDED from AndroidManifest.xml:27:5
	android:label
		ADDED from AndroidManifest.xml:29:10
	android:windowSoftInputMode
		ADDED from AndroidManifest.xml:30:10
	android:name
		ADDED from AndroidManifest.xml:28:10
intent-filter#android.intent.action.DISPLAY_IMAGES+android.intent.category.DEFAULT
ADDED from AndroidManifest.xml:31:7
action#android.intent.action.DISPLAY_IMAGES
ADDED from AndroidManifest.xml:32:9
	android:name
		ADDED from AndroidManifest.xml:32:17
category#android.intent.category.DEFAULT
ADDED from AndroidManifest.xml:33:9
	android:name
		ADDED from AndroidManifest.xml:33:19
data
ADDED from AndroidManifest.xml:34:9
	android:scheme
		ADDED from AndroidManifest.xml:34:15
service#vandy.mooc.services.DownloadImageService
ADDED from AndroidManifest.xml:40:5
	android:process
		ADDED from AndroidManifest.xml:42:8
	android:name
		ADDED from AndroidManifest.xml:41:8